(t0): idle running
(t1): New task P4
(t0): Context switch (idle)<->(P4)
(t1): P4 running
(t2): New task P2
(t2): P4 running
(t3): P4 running
(t4): P4 running
(t5): Task P4 goes to sleep until (t6)
(t4): Context switch (P4)<->(P2)
(t5): P2 running
(t6): task P4 awake
(t6): P2 running
(t7): P2 running
(t8): Task P2 goes to sleep until (t11)
(t7): Context switch (P2)<->(idle)
(t8): idle running
(t9): idle running
(t10): idle running
(t11): task P2 awake
(t10): Context switch (idle)<->(P2)
(t11): P2 running
(t12): Task P2 goes to sleep until (t13)
(t11): Context switch (P2)<->(idle)
(t12): idle running
(t13): idle running
(t14): idle running
(t15): idle running
(t16): idle running
(t17): idle running
(t18): idle running
(t19): idle running
(t20): idle running
(t21): idle running
(t22): idle running
(t23): idle running
(t24): idle running
(t25): idle running
(t26): idle running
(t27): idle running
(t28): idle running
(t29): idle running
(t30): idle running
(t31): idle running
(t32): idle running
(t33): idle running
(t34): idle running
(t35): idle running
(t36): idle running
(t37): idle running
(t38): idle running
(t39): idle running
(t40): idle running
(t41): idle running
(t42): idle running
(t43): idle running
(t44): idle running
(t45): idle running
(t46): idle running
(t47): idle running
(t48): idle running
(t49): idle running
==================
P2	2	5	ready
P2	5	8	running
P2	8	11	I/O
P2	11	12	running
P2	12	13	I/O
P4	1	5	running
P4	5	6	I/O
