(t0): New task P1
(t0): New task P3
(t0): P3 running
(t1): P3 running
(t2): P3 running
(t3): P3 running
(t4): P3 running
(t4): Context switch (P3)<->(P1)
(t5): P1 running
(t6): Task P1 goes to sleep until (t11)
(t5): Context switch (P1)<->(idle)
(t6): idle running
(t7): idle running
(t8): idle running
(t9): idle running
(t10): idle running
(t11): task P1 awake
(t10): Context switch (idle)<->(P1)
(t11): P1 running
(t12): P1 running
(t13): P1 running
(t14): P1 running
(t14): Context switch (P1)<->(idle)
==================
P1	0	5	ready
P1	5	6	running
P1	6	11	I/O
P1	11	15	running
P3	0	5	running
