(t0): idle running
(t0): Task P4 migrated from CPU 1 to CPU 0 
(t0): Context switch (idle)<->(P4)
(t1): P4 running
(t2): P4 running
(t3): New task P1
(t3): P4 running
(t4): New task P3
(t4): P4 running
(t5): P4 running
(t5): Task P3 migrated from CPU 0 to CPU 1 
(t6): P4 running
(t7): P4 running
(t8): P4 running
(t8): Context switch (P4)<->(P1)
(t9): P1 running
(t10): P1 running
(t11): P1 running
(t12): P1 running
(t13): P1 running
(t14): P1 running
(t15): P1 running
(t16): P1 running
(t16): Context switch (P1)<->(idle)
==================
P1	3	9	ready
P1	9	17	running
P3	4	6	ready
P4	1	9	running
